I, [2014-01-17T15:43:06.627080 #17268]  INFO -- Kitchen: -----> Starting Kitchen (v1.1.1)
E, [2014-01-17T15:43:06.628658 #17268] ERROR -- Kitchen: 
No instances for regex `', try running `kitchen list'


I, [2014-01-17T15:43:19.470659 #17320]  INFO -- Kitchen: -----> Starting Kitchen (v1.1.1)
E, [2014-01-17T15:43:19.472192 #17320] ERROR -- Kitchen: 
No instances defined


I, [2014-01-17T15:46:22.616119 #17879]  INFO -- Kitchen: -----> Starting Kitchen (v1.1.1)
I, [2014-01-17T15:46:22.954019 #17879]  INFO -- Kitchen: -----> Cleaning up any prior instances of <default-ubuntu-1204>
I, [2014-01-17T15:46:22.954176 #17879]  INFO -- Kitchen: -----> Destroying <default-ubuntu-1204>...
I, [2014-01-17T15:46:22.955696 #17879]  INFO -- Kitchen: -----> Testing <default-ubuntu-1204>
I, [2014-01-17T15:46:22.955870 #17879]  INFO -- Kitchen: -----> Creating <default-ubuntu-1204>...
I, [2014-01-17T15:48:24.606601 #17879]  INFO -- Kitchen: -----> Converging <default-ubuntu-1204>...
E, [2014-01-17T15:48:50.663029 #17879] ERROR -- Kitchen: Converge failed on instance <default-ubuntu-1204>.
I, [2014-01-17T16:01:35.072276 #22370]  INFO -- Kitchen: -----> Starting Kitchen (v1.1.1)
I, [2014-01-17T16:01:35.373926 #22370]  INFO -- Kitchen: -----> Cleaning up any prior instances of <default-ubuntu-1204>
I, [2014-01-17T16:01:35.374902 #22370]  INFO -- Kitchen: -----> Destroying <default-ubuntu-1204>...
I, [2014-01-17T16:01:42.749820 #22370]  INFO -- Kitchen: -----> Testing <default-ubuntu-1204>
I, [2014-01-17T16:01:42.749989 #22370]  INFO -- Kitchen: -----> Creating <default-ubuntu-1204>...
I, [2014-01-17T16:02:33.403431 #22370]  INFO -- Kitchen: -----> Converging <default-ubuntu-1204>...
I, [2014-01-17T16:05:49.660477 #22370]  INFO -- Kitchen: -----> Setting up <default-ubuntu-1204>...
I, [2014-01-17T16:05:49.662549 #22370]  INFO -- Kitchen: -----> Verifying <default-ubuntu-1204>...
I, [2014-01-17T16:05:49.665578 #22370]  INFO -- Kitchen: -----> Destroying <default-ubuntu-1204>...
I, [2014-01-17T16:05:57.837911 #22370]  INFO -- Kitchen: -----> Cleaning up any prior instances of <default-centos-64>
I, [2014-01-17T16:05:57.838100 #22370]  INFO -- Kitchen: -----> Destroying <default-centos-64>...
I, [2014-01-17T16:05:57.838747 #22370]  INFO -- Kitchen: -----> Testing <default-centos-64>
I, [2014-01-17T16:05:57.838903 #22370]  INFO -- Kitchen: -----> Creating <default-centos-64>...
I, [2014-01-17T16:07:07.744703 #22370]  INFO -- Kitchen: -----> Converging <default-centos-64>...
I, [2014-01-17T16:11:07.970292 #22370]  INFO -- Kitchen: -----> Setting up <default-centos-64>...
I, [2014-01-17T16:11:07.974185 #22370]  INFO -- Kitchen: -----> Verifying <default-centos-64>...
I, [2014-01-17T16:11:07.979532 #22370]  INFO -- Kitchen: -----> Destroying <default-centos-64>...
I, [2014-01-17T16:11:15.932850 #22370]  INFO -- Kitchen: -----> Cleaning up any prior instances of <default-debian-720>
I, [2014-01-17T16:11:15.933043 #22370]  INFO -- Kitchen: -----> Destroying <default-debian-720>...
I, [2014-01-17T16:11:15.933677 #22370]  INFO -- Kitchen: -----> Testing <default-debian-720>
I, [2014-01-17T16:11:15.933834 #22370]  INFO -- Kitchen: -----> Creating <default-debian-720>...
I, [2014-01-17T16:13:11.013297 #22370]  INFO -- Kitchen: -----> Converging <default-debian-720>...
I, [2014-01-17T16:17:07.850110 #22370]  INFO -- Kitchen: -----> Setting up <default-debian-720>...
I, [2014-01-17T16:17:07.852424 #22370]  INFO -- Kitchen: -----> Verifying <default-debian-720>...
I, [2014-01-17T16:17:07.855854 #22370]  INFO -- Kitchen: -----> Destroying <default-debian-720>...
I, [2014-01-17T16:17:16.183858 #22370]  INFO -- Kitchen: -----> Kitchen is finished. (15m41.11s)
